<?xml version="1.0" encoding="UTF-8"?>
<!-- Generated by org.testng.reporters.JUnitReportReporter -->
<testsuite hostname="DESKTOP-64DGA9R" failures="0" tests="1" name="com.amazon.test.HomePageTest" time="36.860" errors="0" timestamp="2023-04-15T23:21:13 IST" skipped="0">
  <testcase classname="com.amazon.test.HomePageTest" name="mobileaddingtocart" time="36.860"/>
  <system-out/>
</testsuite> <!-- com.amazon.test.HomePageTest -->
