<?xml version="1.0" encoding="UTF-8"?>
<!-- Generated by org.testng.reporters.JUnitReportReporter -->
<testsuite hostname="DESKTOP-64DGA9R" failures="0" tests="3" name="com.amazon.test.SigninTest" time="41.745" errors="0" timestamp="2023-04-15T22:24:50 IST" skipped="0">
  <testcase classname="com.amazon.test.SigninTest" name="signinpagetitletest" time="9.650"/>
  <system-out/>
  <testcase classname="com.amazon.test.SigninTest" name="logotest" time="7.088"/>
  <system-out/>
  <testcase classname="com.amazon.test.SigninTest" name="signintest" time="25.007"/>
  <system-out/>
</testsuite> <!-- com.amazon.test.SigninTest -->
